<?xml version="1.0" encoding="UTF-8"?>
<!-- Generated by org.testng.reporters.JUnitReportReporter -->
<testsuite hostname="Rashmi" failures="0" tests="1" name="testingpack.Testing" time="6.247" errors="0" timestamp="2025-03-15T11:33:40 IST" skipped="0">
  <testcase classname="testingpack.Testing" name="test" time="6.247"/>
</testsuite> <!-- testingpack.Testing -->
